<?xml version="1.0" encoding="UTF-8"?>
<!-- Generated by org.testng.reporters.JUnitReportReporter -->
<testsuite hostname="SantoshPatil-09032022" failures="0" tests="2" name="test_script.Amz_Smoke_09" time="83.918" errors="0" timestamp="2024-02-12T08:29:34 IST" skipped="0">
  <testcase classname="test_script.Amz_Smoke_09" name="smoke_testcase_09" time="41.002"/>
  <testcase classname="test_script.Amz_Smoke_09" name="smoke_testcase_09" time="42.916"/>
</testsuite> <!-- test_script.Amz_Smoke_09 -->
