<?xml version="1.0" encoding="UTF-8"?>
<!-- Generated by org.testng.reporters.JUnitReportReporter -->
<testsuite hostname="SantoshPatil-09032022" failures="0" tests="3" name="test_script.Amz_Smoke_01" time="168.470" errors="0" timestamp="2024-02-12T08:29:34 IST" skipped="1">
  <testcase classname="test_script.Amz_Smoke_01" name="login_with_valid_credentials" time="81.660">
    <skipped/>
  </testcase> <!-- login_with_valid_credentials -->
  <testcase classname="test_script.Amz_Smoke_01" name="login_with_valid_credentials" time="51.962"/>
  <testcase classname="test_script.Amz_Smoke_01" name="login_with_valid_credentials" time="34.848"/>
</testsuite> <!-- test_script.Amz_Smoke_01 -->
