<?xml version="1.0" encoding="UTF-8"?>
<!-- Generated by org.testng.reporters.JUnitReportReporter -->
<testsuite hostname="SantoshPatil-09032022" failures="0" tests="2" name="test_script.Amz_Smoke_03" time="114.254" errors="0" timestamp="2024-02-12T10:18:50 IST" skipped="0">
  <testcase classname="test_script.Amz_Smoke_03" name="smoke_testcase_03" time="54.922"/>
  <testcase classname="test_script.Amz_Smoke_03" name="smoke_testcase_03" time="59.332"/>
</testsuite> <!-- test_script.Amz_Smoke_03 -->
