<?xml version="1.0" encoding="UTF-8"?>
<!-- Generated by org.testng.reporters.JUnitReportReporter -->
<testsuite hostname="SantoshPatil-09032022" failures="0" tests="1" name="test_script.Amz_Login_01" time="18.368" errors="0" timestamp="2024-02-02T22:07:03 IST" skipped="0">
  <testcase classname="test_script.Amz_Login_01" name="login_with_valid_credentials" time="18.368"/>
</testsuite> <!-- test_script.Amz_Login_01 -->
